<?xml version="1.0" encoding="UTF-8"?>
<!-- Generated by org.testng.reporters.JUnitReportReporter -->
<testsuite hostname="vijosema-dev3" failures="0" tests="1" name="com.crm.qa.testcases.ContactsPageTest" time="14.547" errors="0" timestamp="2020-10-22T13:44:30 PDT" skipped="0">
  <testcase classname="com.crm.qa.testcases.ContactsPageTest" name="clickOnNewBtnTest" time="14.547"/>
  <system-out/>
</testsuite> <!-- com.crm.qa.testcases.ContactsPageTest -->
