<?xml version="1.0" encoding="UTF-8"?>
<!-- Generated by org.testng.reporters.JUnitReportReporter -->
<testsuite hostname="vijosema-dev3" failures="0" tests="1" name="com.crm.qa.testcases.ContactsPageTest" time="12.881" errors="0" timestamp="2020-10-21T22:03:54 PDT" skipped="0">
  <testcase classname="com.crm.qa.testcases.ContactsPageTest" name="clickOnNewBtn" time="12.881"/>
  <system-out/>
</testsuite> <!-- com.crm.qa.testcases.ContactsPageTest -->
