<?xml version="1.0" encoding="UTF-8"?>
<!-- Generated by org.testng.reporters.JUnitReportReporter -->
<testsuite hostname="vijosema-dev3" failures="0" tests="1" name="com.crm.qa.testcases.ContactsPageTest" time="12.487" errors="0" timestamp="2020-10-22T16:00:40 PDT" skipped="0">
  <testcase classname="com.crm.qa.testcases.ContactsPageTest" name="clickOnNewBtnTest" time="12.487"/>
  <system-out/>
</testsuite> <!-- com.crm.qa.testcases.ContactsPageTest -->
