<?xml version="1.0" encoding="UTF-8"?>
<!-- Generated by org.testng.reporters.JUnitReportReporter -->
<testsuite hostname="vijosema-dev3" failures="0" tests="3" name="com.crm.qa.testcases.AddNewContactsPageTest" time="45.709" errors="0" timestamp="2020-10-22T13:44:30 PDT" skipped="0">
  <testcase classname="com.crm.qa.testcases.AddNewContactsPageTest" name="createNewContactTest" time="14.834"/>
  <system-out/>
  <testcase classname="com.crm.qa.testcases.AddNewContactsPageTest" name="createNewContactTest" time="14.489"/>
  <system-out/>
  <testcase classname="com.crm.qa.testcases.AddNewContactsPageTest" name="createNewContactTest" time="16.386"/>
  <system-out/>
</testsuite> <!-- com.crm.qa.testcases.AddNewContactsPageTest -->
