<?xml version="1.0" encoding="UTF-8"?>
<!-- Generated by org.testng.reporters.JUnitReportReporter -->
<testsuite hostname="vijosema-dev3" failures="0" tests="3" name="com.crm.qa.testcases.AddNewContactsPageTest" time="47.464" errors="0" timestamp="2020-10-22T11:51:10 PDT" skipped="0">
  <testcase classname="com.crm.qa.testcases.AddNewContactsPageTest" name="createNewContactTest" time="16.035"/>
  <system-out/>
  <testcase classname="com.crm.qa.testcases.AddNewContactsPageTest" name="createNewContactTest" time="15.653"/>
  <system-out/>
  <testcase classname="com.crm.qa.testcases.AddNewContactsPageTest" name="createNewContactTest" time="15.776"/>
  <system-out/>
</testsuite> <!-- com.crm.qa.testcases.AddNewContactsPageTest -->
