<?xml version="1.0" encoding="UTF-8"?>
<!-- Generated by org.testng.reporters.JUnitReportReporter -->
<testsuite hostname="vijosema-dev3" failures="0" tests="2" name="com.crm.qa.testcases.IndexPageTest" time="18.568" errors="0" timestamp="2020-10-22T16:07:28 PDT" skipped="0">
  <testcase classname="com.crm.qa.testcases.IndexPageTest" name="indexPageTitleTest" time="8.641"/>
  <system-out/>
  <testcase classname="com.crm.qa.testcases.IndexPageTest" name="clickOnLoginBtnTest" time="9.927"/>
  <system-out/>
</testsuite> <!-- com.crm.qa.testcases.IndexPageTest -->
