<?xml version="1.0" encoding="UTF-8"?>
<!-- Generated by org.testng.reporters.JUnitReportReporter -->
<testsuite hostname="vijosema-dev3" failures="0" tests="1" name="com.crm.qa.testcases.HomePageTest" time="12.474" errors="0" timestamp="2020-10-21T21:38:55 PDT" skipped="0">
  <testcase classname="com.crm.qa.testcases.HomePageTest" name="verifyContactsLinkTest" time="12.474"/>
  <system-out/>
</testsuite> <!-- com.crm.qa.testcases.HomePageTest -->
