<?xml version="1.0" encoding="UTF-8"?>
<!-- Generated by org.testng.reporters.JUnitReportReporter -->
<testsuite hostname="vijosema-dev3" failures="0" tests="1" name="com.crm.qa.testcases.LoginPageTest" time="11.819" errors="0" timestamp="2020-10-22T16:00:40 PDT" skipped="0">
  <testcase classname="com.crm.qa.testcases.LoginPageTest" name="loginTest" time="11.819"/>
  <system-out/>
</testsuite> <!-- com.crm.qa.testcases.LoginPageTest -->
