<?xml version="1.0" encoding="UTF-8"?>
<!-- Generated by org.testng.reporters.JUnitReportReporter -->
<testsuite hostname="vijosema-dev3" failures="0" tests="2" name="com.crm.qa.testcases.IndexPageTest" time="18.538" errors="0" timestamp="2020-10-21T22:15:00 PDT" skipped="0">
  <testcase classname="com.crm.qa.testcases.IndexPageTest" name="indexPageTitleTest" time="9.426"/>
  <system-out/>
  <testcase classname="com.crm.qa.testcases.IndexPageTest" name="clickOnLoginBtnTest" time="9.112"/>
  <system-out/>
</testsuite> <!-- com.crm.qa.testcases.IndexPageTest -->
