<?xml version="1.0" encoding="UTF-8"?>
<!-- Generated by org.testng.reporters.JUnitReportReporter -->
<testsuite hostname="vijosema-dev3" failures="0" tests="3" name="com.crm.qa.testcases.AddNewContactsPageTest" time="45.121" errors="0" timestamp="2020-10-22T16:00:40 PDT" skipped="0">
  <testcase classname="com.crm.qa.testcases.AddNewContactsPageTest" name="createNewContactTest" time="15.826"/>
  <system-out/>
  <testcase classname="com.crm.qa.testcases.AddNewContactsPageTest" name="createNewContactTest" time="14.490"/>
  <system-out/>
  <testcase classname="com.crm.qa.testcases.AddNewContactsPageTest" name="createNewContactTest" time="14.805"/>
  <system-out/>
</testsuite> <!-- com.crm.qa.testcases.AddNewContactsPageTest -->
