<?xml version="1.0" encoding="UTF-8"?>
<!-- Generated by org.testng.reporters.JUnitReportReporter -->
<testsuite hostname="vijosema-dev3" failures="0" tests="3" name="com.crm.qa.testcases.AddNewContactsPageTest" time="46.665" errors="0" timestamp="2020-10-22T16:13:02 PDT" skipped="0">
  <testcase classname="com.crm.qa.testcases.AddNewContactsPageTest" name="createNewContactTest" time="16.435"/>
  <system-out/>
  <testcase classname="com.crm.qa.testcases.AddNewContactsPageTest" name="createNewContactTest" time="15.341"/>
  <system-out/>
  <testcase classname="com.crm.qa.testcases.AddNewContactsPageTest" name="createNewContactTest" time="14.889"/>
  <system-out/>
</testsuite> <!-- com.crm.qa.testcases.AddNewContactsPageTest -->
